# JRE version: OpenJDK Runtime Environment (8.0_152-b01) (build 1.8.0_152-release-884-b01)
# Java VM: OpenJDK 64-Bit Server VM (25.152-b01 mixed mode bsd-amd64 compressed oops)
Heap:
 PSYoungGen      total 254464K, used 103347K [0x00000007a0000000, 0x00000007b6200000, 0x00000007c0000000)
  eden space 233472K, 35% used [0x00000007a0000000,0x00000007a50716d8,0x00000007ae400000)
  from space 20992K, 99% used [0x00000007ae400000,0x00000007af87b760,0x00000007af880000)
  to   space 28160K, 0% used [0x00000007b4680000,0x00000007b4680000,0x00000007b6200000)
 ParOldGen       total 88576K, used 43879K [0x0000000760000000, 0x0000000765680000, 0x00000007a0000000)
  object space 88576K, 49% used [0x0000000760000000,0x0000000762ad9fb8,0x0000000765680000)
 Metaspace       used 49224K, capacity 50150K, committed 50520K, reserved 1093632K
  class space    used 5932K, capacity 6179K, committed 6272K, reserved 1048576K
GC Heap History (10 events):
Event: 12.414 GC heap before
{Heap before GC invocations=14 (full 3):
 PSYoungGen      total 147456K, used 112581K [0x00000007a0000000, 0x00000007aba00000, 0x00000007c0000000)
  eden space 133120K, 84% used [0x00000007a0000000,0x00000007a6df1528,0x00000007a8200000)
  from space 14336K, 0% used [0x00000007aac00000,0x00000007aac00000,0x00000007aba00000)
  to   space 15872K, 0% used [0x00000007a9b00000,0x00000007a9b00000,0x00000007aaa80000)
 ParOldGen       total 88576K, used 25310K [0x0000000760000000, 0x0000000765680000, 0x00000007a0000000)
  object space 88576K, 28% used [0x0000000760000000,0x00000007618b79a8,0x0000000765680000)
 Metaspace       used 37351K, capacity 37978K, committed 38360K, reserved 1083392K
  class space    used 4682K, capacity 4843K, committed 4864K, reserved 1048576K
Event: 12.444 GC heap after
Heap after GC invocations=14 (full 3):
 PSYoungGen      total 174592K, used 15860K [0x00000007a0000000, 0x00000007ad500000, 0x00000007c0000000)
  eden space 158720K, 0% used [0x00000007a0000000,0x00000007a0000000,0x00000007a9b00000)
  from space 15872K, 99% used [0x00000007a9b00000,0x00000007aaa7d0b0,0x00000007aaa80000)
  to   space 18944K, 0% used [0x00000007ac280000,0x00000007ac280000,0x00000007ad500000)
 ParOldGen       total 88576K, used 28222K [0x0000000760000000, 0x0000000765680000, 0x00000007a0000000)
  object space 88576K, 31% used [0x0000000760000000,0x0000000761b8f8e0,0x0000000765680000)
 Metaspace       used 37351K, capacity 37978K, committed 38360K, reserved 1083392K
  class space    used 4682K, capacity 4843K, committed 4864K, reserved 1048576K
}
Event: 12.634 GC heap before
{Heap before GC invocations=15 (full 3):
 PSYoungGen      total 174592K, used 174580K [0x00000007a0000000, 0x00000007ad500000, 0x00000007c0000000)
  eden space 158720K, 100% used [0x00000007a0000000,0x00000007a9b00000,0x00000007a9b00000)
  from space 15872K, 99% used [0x00000007a9b00000,0x00000007aaa7d0b0,0x00000007aaa80000)
  to   space 18944K, 0% used [0x00000007ac280000,0x00000007ac280000,0x00000007ad500000)
 ParOldGen       total 88576K, used 28222K [0x0000000760000000, 0x0000000765680000, 0x00000007a0000000)
  object space 88576K, 31% used [0x0000000760000000,0x0000000761b8f8e0,0x0000000765680000)
 Metaspace       used 37947K, capacity 38518K, committed 38744K, reserved 1083392K
  class space    used 4759K, capacity 4915K, committed 4992K, reserved 1048576K
Event: 12.643 GC heap after
Heap after GC invocations=15 (full 3):
 PSYoungGen      total 198656K, used 668K [0x00000007a0000000, 0x00000007af880000, 0x00000007c0000000)
  eden space 179712K, 0% used [0x00000007a0000000,0x00000007a0000000,0x00000007aaf80000)
  from space 18944K, 3% used [0x00000007ac280000,0x00000007ac3273a8,0x00000007ad500000)
  to   space 19456K, 0% used [0x00000007aaf80000,0x00000007aaf80000,0x00000007ac280000)
 ParOldGen       total 88576K, used 33817K [0x0000000760000000, 0x0000000765680000, 0x00000007a0000000)
  object space 88576K, 38% used [0x0000000760000000,0x0000000762106450,0x0000000765680000)
 Metaspace       used 37947K, capacity 38518K, committed 38744K, reserved 1083392K
  class space    used 4759K, capacity 4915K, committed 4992K, reserved 1048576K
}
Event: 12.818 GC heap before
{Heap before GC invocations=16 (full 3):
 PSYoungGen      total 198656K, used 180380K [0x00000007a0000000, 0x00000007af880000, 0x00000007c0000000)
  eden space 179712K, 100% used [0x00000007a0000000,0x00000007aaf80000,0x00000007aaf80000)
  from space 18944K, 3% used [0x00000007ac280000,0x00000007ac3273a8,0x00000007ad500000)
  to   space 19456K, 0% used [0x00000007aaf80000,0x00000007aaf80000,0x00000007ac280000)
 ParOldGen       total 88576K, used 33817K [0x0000000760000000, 0x0000000765680000, 0x00000007a0000000)
  object space 88576K, 38% used [0x0000000760000000,0x0000000762106450,0x0000000765680000)
 Metaspace       used 38667K, capacity 39302K, committed 39640K, reserved 1083392K
  class space    used 4867K, capacity 5021K, committed 5120K, reserved 1048576K
Event: 12.821 GC heap after
Heap after GC invocations=16 (full 3):
 PSYoungGen      total 199168K, used 1358K [0x00000007a0000000, 0x00000007b1100000, 0x00000007c0000000)
  eden space 179712K, 0% used [0x00000007a0000000,0x00000007a0000000,0x00000007aaf80000)
  from space 19456K, 6% used [0x00000007aaf80000,0x00000007ab0d3b90,0x00000007ac280000)
  to   space 19456K, 0% used [0x00000007afe00000,0x00000007afe00000,0x00000007b1100000)
 ParOldGen       total 88576K, used 33913K [0x0000000760000000, 0x0000000765680000, 0x00000007a0000000)
  object space 88576K, 38% used [0x0000000760000000,0x000000076211e450,0x0000000765680000)
 Metaspace       used 38667K, capacity 39302K, committed 39640K, reserved 1083392K
  class space    used 4867K, capacity 5021K, committed 5120K, reserved 1048576K
}
Event: 599.649 GC heap before
{Heap before GC invocations=17 (full 3):
 PSYoungGen      total 199168K, used 181070K [0x00000007a0000000, 0x00000007b1100000, 0x00000007c0000000)
  eden space 179712K, 100% used [0x00000007a0000000,0x00000007aaf80000,0x00000007aaf80000)
  from space 19456K, 6% used [0x00000007aaf80000,0x00000007ab0d3b90,0x00000007ac280000)
  to   space 19456K, 0% used [0x00000007afe00000,0x00000007afe00000,0x00000007b1100000)
 ParOldGen       total 88576K, used 33913K [0x0000000760000000, 0x0000000765680000, 0x00000007a0000000)
  object space 88576K, 38% used [0x0000000760000000,0x000000076211e450,0x0000000765680000)
 Metaspace       used 47860K, capacity 48692K, committed 48856K, reserved 1091584K
  class space    used 5882K, capacity 6136K, committed 6144K, reserved 1048576K
Event: 599.669 GC heap after
Heap after GC invocations=17 (full 3):
 PSYoungGen      total 247808K, used 15077K [0x00000007a0000000, 0x00000007b0d00000, 0x00000007c0000000)
  eden space 232448K, 0% used [0x00000007a0000000,0x00000007a0000000,0x00000007ae300000)
  from space 15360K, 98% used [0x00000007afe00000,0x00000007b0cb95f0,0x00000007b0d00000)
  to   space 20992K, 0% used [0x00000007ae400000,0x00000007ae400000,0x00000007af880000)
 ParOldGen       total 88576K, used 34490K [0x0000000760000000, 0x0000000765680000, 0x00000007a0000000)
  object space 88576K, 38% used [0x0000000760000000,0x00000007621aebd0,0x0000000765680000)
 Metaspace       used 47860K, capacity 48692K, committed 48856K, reserved 1091584K
  class space    used 5882K, capacity 6136K, committed 6144K, reserved 1048576K
}
Event: 601.000 GC heap before
{Heap before GC invocations=18 (full 3):
 PSYoungGen      total 247808K, used 247525K [0x00000007a0000000, 0x00000007b0d00000, 0x00000007c0000000)
  eden space 232448K, 100% used [0x00000007a0000000,0x00000007ae300000,0x00000007ae300000)
  from space 15360K, 98% used [0x00000007afe00000,0x00000007b0cb95f0,0x00000007b0d00000)
  to   space 20992K, 0% used [0x00000007ae400000,0x00000007ae400000,0x00000007af880000)
 ParOldGen       total 88576K, used 34490K [0x0000000760000000, 0x0000000765680000, 0x00000007a0000000)
  object space 88576K, 38% used [0x0000000760000000,0x00000007621aebd0,0x0000000765680000)
 Metaspace       used 48387K, capacity 49290K, committed 49624K, reserved 1093632K
  class space    used 5910K, capacity 6139K, committed 6144K, reserved 1048576K
Event: 601.058 GC heap after
Heap after GC invocations=18 (full 3):
 PSYoungGen      total 254464K, used 20973K [0x00000007a0000000, 0x00000007b6200000, 0x00000007c0000000)
  eden space 233472K, 0% used [0x00000007a0000000,0x00000007a0000000,0x00000007ae400000)
  from space 20992K, 99% used [0x00000007ae400000,0x00000007af87b760,0x00000007af880000)
  to   space 28160K, 0% used [0x00000007b4680000,0x00000007b4680000,0x00000007b6200000)
 ParOldGen       total 88576K, used 43879K [0x0000000760000000, 0x0000000765680000, 0x00000007a0000000)
  object space 88576K, 49% used [0x0000000760000000,0x0000000762ad9fb8,0x0000000765680000)
 Metaspace       used 48387K, capacity 49290K, committed 49624K, reserved 1093632K
  class space    used 5910K, capacity 6139K, committed 6144K, reserved 1048576K
}

